0 info it worked if it ends with ok
1 verbose cli [ '/usr/local/Cellar/node/0.12.7/bin/node',
1 verbose cli   '/usr/local/bin/npm',
1 verbose cli   'publish' ]
2 info using npm@3.9.5
3 info using node@v6.2.2
4 verbose publish [ '.' ]
5 silly cache add args [ '.', null ]
6 verbose cache add spec .
7 silly cache add parsed spec Result {
7 silly cache add   raw: '.',
7 silly cache add   scope: null,
7 silly cache add   name: null,
7 silly cache add   rawSpec: '.',
7 silly cache add   spec: '/Users/liujunbin/Documents/project/mygithub/rtcs',
7 silly cache add   type: 'directory' }
8 verbose addLocalDirectory /Users/liujunbin/.npm/rtcs/9.7.3/package.tgz not in flight; packing
9 verbose correctMkdir /Users/liujunbin/.npm correctMkdir not in flight; initializing
10 info lifecycle rtcs@9.7.3~prepublish: rtcs@9.7.3
11 silly lifecycle rtcs@9.7.3~prepublish: no script for prepublish, continuing
12 verbose tar pack [ '/Users/liujunbin/.npm/rtcs/9.7.3/package.tgz',
12 verbose tar pack   '/Users/liujunbin/Documents/project/mygithub/rtcs' ]
13 verbose tarball /Users/liujunbin/.npm/rtcs/9.7.3/package.tgz
14 verbose folder /Users/liujunbin/Documents/project/mygithub/rtcs
15 verbose addLocalTarball adding from inside cache /Users/liujunbin/.npm/rtcs/9.7.3/package.tgz
16 verbose correctMkdir /Users/liujunbin/.npm correctMkdir not in flight; initializing
17 silly cache afterAdd rtcs@9.7.3
18 verbose afterAdd /Users/liujunbin/.npm/rtcs/9.7.3/package/package.json not in flight; writing
19 verbose correctMkdir /Users/liujunbin/.npm correctMkdir not in flight; initializing
20 verbose afterAdd /Users/liujunbin/.npm/rtcs/9.7.3/package/package.json written
21 silly publish { name: 'rtcs',
21 silly publish   version: '9.7.3',
21 silly publish   description: 'react Component image text url queryString query-String ',
21 silly publish   keywords: [ 'react', 'react-component', 'ui component', 'ui', 'component' ],
21 silly publish   files: [ 'lib', 'assets', 'dist' ],
21 silly publish   main: 'lib/index',
21 silly publish   repository: { type: 'git', url: 'git+https://github.com/976500133/rtc.git' },
21 silly publish   author: { name: '976500133@qq.com' },
21 silly publish   licenses: 'MIT',
21 silly publish   config: { port: 8002 },
21 silly publish   scripts:
21 silly publish    { build: 'rc-tools run build',
21 silly publish      compile: 'rc-tools run watch',
21 silly publish      'gh-pages': 'rc-tools run gh-pages',
21 silly publish      start: 'rc-tools run server',
21 silly publish      pub: 'rc-tools run pub --babel-runtime',
21 silly publish      karma: 'rc-tools run karma',
21 silly publish      saucelabs: 'rc-tools run saucelabs',
21 silly publish      coverage: 'jest --coverage && cat ./coverage/lcov.info | coveralls' },
21 silly publish   devDependencies:
21 silly publish    { async: '~0.9.0',
21 silly publish      bootstrap: '~3.3.2',
21 silly publish      coveralls: '^2.11.15',
21 silly publish      enzyme: '^2.8.0',
21 silly publish      'enzyme-to-json': '^1.5.0',
21 silly publish      'expect.js': '~0.3.1',
21 silly publish      jest: '^19.0.0',
21 silly publish      jquery: '~1.11.3',
21 silly publish      mockdate: '^2.0.1',
21 silly publish      'object-assign': '4.x',
21 silly publish      'rc-dialog': '^6.0.1',
21 silly publish      'rc-select': '^6.0.6',
21 silly publish      'rc-time-picker': '2.x',
21 silly publish      'rc-tools': '5.x',
21 silly publish      react: '15.x',
21 silly publish      'react-dom': '15.x' },
21 silly publish   dependencies: {},
21 silly publish   readme: '# rimagemiddle  [![Build Status](https://travis-ci.org/sindresorhus/query-string.svg?branch=master)](https://github.com/976500133/IE-FBI-WARNing)\n',
21 silly publish   readmeFilename: 'README.md',
21 silly publish   gitHead: 'bf11e450ffb69c9166e8f355fffb28a6aa580bf8',
21 silly publish   bugs: { url: 'https://github.com/976500133/rtc/issues' },
21 silly publish   homepage: 'https://github.com/976500133/rtc#readme',
21 silly publish   _id: 'rtcs@9.7.3',
21 silly publish   _shasum: '2b9225d89b9d3858c8383db356e3282c4340ddfc',
21 silly publish   _from: '.' }
22 verbose getPublishConfig undefined
23 silly mapToRegistry name rtcs
24 silly mapToRegistry using default registry
25 silly mapToRegistry registry https://registry.npmjs.org/
26 silly mapToRegistry data Result {
26 silly mapToRegistry   raw: 'rtcs',
26 silly mapToRegistry   scope: null,
26 silly mapToRegistry   name: 'rtcs',
26 silly mapToRegistry   rawSpec: '',
26 silly mapToRegistry   spec: 'latest',
26 silly mapToRegistry   type: 'tag' }
27 silly mapToRegistry uri https://registry.npmjs.org/rtcs
28 verbose publish registryBase https://registry.npmjs.org/
29 silly publish uploading /Users/liujunbin/.npm/rtcs/9.7.3/package.tgz
30 verbose request uri https://registry.npmjs.org/rtcs
31 verbose request sending authorization for write operation
32 info attempt registry request try #1 at 14:25:10
33 verbose request using bearer token for auth
34 verbose request id 0428eaf15a5ba7d0
35 http request PUT https://registry.npmjs.org/rtcs
36 info retry will retry, error on last attempt: Error: connect ETIMEDOUT 151.101.72.162:443
37 info attempt registry request try #2 at 14:26:37
38 verbose request using bearer token for auth
39 http request PUT https://registry.npmjs.org/rtcs
40 http 403 https://registry.npmjs.org/rtcs
41 verbose headers { 'content-type': 'application/json',
41 verbose headers   'cache-control': 'max-age=300',
41 verbose headers   'content-length': '95',
41 verbose headers   'accept-ranges': 'bytes',
41 verbose headers   date: 'Sun, 16 Apr 2017 06:26:47 GMT',
41 verbose headers   via: '1.1 varnish',
41 verbose headers   connection: 'keep-alive',
41 verbose headers   'x-served-by': 'cache-nrt6133-NRT',
41 verbose headers   'x-cache': 'MISS',
41 verbose headers   'x-cache-hits': '0',
41 verbose headers   'x-timer': 'S1492324007.232103,VS0,VE528',
41 verbose headers   vary: 'Accept-Encoding' }
42 verbose request invalidating /Users/liujunbin/.npm/registry.npmjs.org/rtcs on PUT
43 error publish Failed PUT 403
44 verbose stack Error: "You cannot publish over the previously published version 9.7.3." : rtcs
44 verbose stack     at makeError (/usr/local/lib/node_modules/npm/node_modules/npm-registry-client/lib/request.js:264:12)
44 verbose stack     at CachingRegistryClient.<anonymous> (/usr/local/lib/node_modules/npm/node_modules/npm-registry-client/lib/request.js:252:14)
44 verbose stack     at Request._callback (/usr/local/lib/node_modules/npm/node_modules/npm-registry-client/lib/request.js:172:14)
44 verbose stack     at Request.self.callback (/usr/local/lib/node_modules/npm/node_modules/request/request.js:200:22)
44 verbose stack     at emitTwo (events.js:106:13)
44 verbose stack     at Request.emit (events.js:191:7)
44 verbose stack     at Request.<anonymous> (/usr/local/lib/node_modules/npm/node_modules/request/request.js:1067:10)
44 verbose stack     at emitOne (events.js:101:20)
44 verbose stack     at Request.emit (events.js:188:7)
44 verbose stack     at IncomingMessage.<anonymous> (/usr/local/lib/node_modules/npm/node_modules/request/request.js:988:12)
45 verbose statusCode 403
46 verbose pkgid rtcs
47 verbose cwd /Users/liujunbin/Documents/project/mygithub/rtcs
48 error Darwin 15.5.0
49 error argv "/usr/local/Cellar/node/0.12.7/bin/node" "/usr/local/bin/npm" "publish"
50 error node v6.2.2
51 error npm  v3.9.5
52 error code E403
53 error "You cannot publish over the previously published version 9.7.3." : rtcs
54 error If you need help, you may report this error at:
54 error     <https://github.com/npm/npm/issues>
55 verbose exit [ 1, true ]
